2019-10-20 14:20:23.259  INFO 15488 --- [restartedMain] c.m.community.CommunityApplication       : Started CommunityApplication in 5.737 seconds (JVM running for 7.014)
2019-10-20 14:27:03.988  INFO 8700 --- [restartedMain] c.m.community.CommunityApplication       : Starting CommunityApplication on LAPTOP-NC060KH3 with PID 8700 (E:\IdeaProjects\community\target\classes started by Matthew in E:\IdeaProjects\community)
2019-10-20 14:27:03.997  INFO 8700 --- [restartedMain] c.m.community.CommunityApplication       : No active profile set, falling back to default profiles: default
2019-10-20 14:27:04.174  INFO 8700 --- [restartedMain] .e.DevToolsPropertyDefaultsPostProcessor : Devtools property defaults active! Set 'spring.devtools.add-properties' to 'false' to disable
2019-10-20 14:27:04.175  INFO 8700 --- [restartedMain] .e.DevToolsPropertyDefaultsPostProcessor : For additional web related logging consider setting the 'logging.level.web' property to 'DEBUG'
2019-10-20 14:27:06.763  INFO 8700 --- [restartedMain] o.s.b.w.embedded.tomcat.TomcatWebServer  : Tomcat initialized with port(s): 8888 (http)
2019-10-20 14:27:06.774  INFO 8700 --- [restartedMain] o.apache.catalina.core.StandardService   : Starting service [Tomcat]
2019-10-20 14:27:06.774  INFO 8700 --- [restartedMain] org.apache.catalina.core.StandardEngine  : Starting Servlet engine: [Apache Tomcat/9.0.27]
2019-10-20 14:27:06.780  INFO 8700 --- [restartedMain] o.a.catalina.core.AprLifecycleListener   : An older version [1.2.17] of the APR based Apache Tomcat Native library is installed, while Tomcat recommends a minimum version of [1.2.23]
2019-10-20 14:27:06.780  INFO 8700 --- [restartedMain] o.a.catalina.core.AprLifecycleListener   : Loaded APR based Apache Tomcat Native library [1.2.17] using APR version [1.6.3].
2019-10-20 14:27:06.780  INFO 8700 --- [restartedMain] o.a.catalina.core.AprLifecycleListener   : APR capabilities: IPv6 [true], sendfile [true], accept filters [false], random [true].
2019-10-20 14:27:06.780  INFO 8700 --- [restartedMain] o.a.catalina.core.AprLifecycleListener   : APR/OpenSSL configuration: useAprConnector [false], useOpenSSL [true]
2019-10-20 14:27:07.840  INFO 8700 --- [restartedMain] o.a.catalina.core.AprLifecycleListener   : OpenSSL successfully initialized [OpenSSL 1.0.2o  27 Mar 2018]
2019-10-20 14:27:07.941  INFO 8700 --- [restartedMain] o.a.c.c.C.[Tomcat].[localhost].[/]       : Initializing Spring embedded WebApplicationContext
2019-10-20 14:27:07.943  INFO 8700 --- [restartedMain] o.s.web.context.ContextLoader            : Root WebApplicationContext: initialization completed in 3768 ms
2019-10-20 14:27:08.006  INFO 8700 --- [restartedMain] com.zaxxer.hikari.HikariDataSource       : HikariPool-1 - Starting...
2019-10-20 14:27:08.236  INFO 8700 --- [restartedMain] com.zaxxer.hikari.HikariDataSource       : HikariPool-1 - Start completed.
2019-10-20 14:27:08.249  INFO 8700 --- [restartedMain] o.s.b.a.h2.H2ConsoleAutoConfiguration    : H2 console available at '/h2-console'. Database available at 'jdbc:h2:~/community'
2019-10-20 14:27:09.186  INFO 8700 --- [restartedMain] o.s.s.concurrent.ThreadPoolTaskExecutor  : Initializing ExecutorService 'applicationTaskExecutor'
2019-10-20 14:27:09.272  INFO 8700 --- [restartedMain] o.s.b.a.w.s.WelcomePageHandlerMapping    : Adding welcome page template: index
2019-10-20 14:27:09.634  INFO 8700 --- [restartedMain] o.s.b.d.a.OptionalLiveReloadServer       : LiveReload server is running on port 35729
2019-10-20 14:27:09.700  INFO 8700 --- [restartedMain] o.s.b.w.embedded.tomcat.TomcatWebServer  : Tomcat started on port(s): 8888 (http) with context path ''
2019-10-20 14:27:09.701  INFO 8700 --- [restartedMain] c.m.community.CommunityApplication       : Started CommunityApplication in 6.648 seconds (JVM running for 9.03)
